{"level":"info","message":"Log cleanup: Truncated all.log (1.14MB)","timestamp":"2025-06-06 13:01:00:10"}
{"level":"info","message":"System cleanup (logs) completed: Cleaned 1 log files. Truncated all.log (1.14MB); error.log size OK (0.03MB)","sizeRecovered":"1.14 MB","success":true,"timestamp":"2025-06-06 13:01:00:10","totalDeleted":1,"type":"logs"}
{"level":"info","message":"System status requested from admin panel","timestamp":"2025-06-06 13:01:00:10"}
{"level":"info","message":"System cleanup triggered from admin panel: database","timestamp":"2025-06-06 13:01:05:15"}
{"level":"info","message":"System cleanup (database) completed: No cleanup needed. Database is clean. No expired sessions found; No old analytics data found; No orphaned comments found; Collections compacted: 4","sizeRecovered":"0.00 KB","success":true,"timestamp":"2025-06-06 13:01:06:16","totalDeleted":0,"type":"database"}
{"level":"info","message":"System status requested from admin panel","timestamp":"2025-06-06 13:01:06:16"}
{"level":"info","message":"Scheduler status requested from admin panel","timestamp":"2025-06-06 13:01:18:118"}
{"level":"info","message":"System status requested from admin panel","timestamp":"2025-06-06 13:01:18:118"}
{"level":"info","message":"Cleaned up 0 old dead letter jobs","timestamp":"2025-06-06 13:07:35:735"}
{"level":"info","message":"Cleaned up 0 old dead letter jobs","timestamp":"2025-06-06 13:45:21:4521"}
{"level":"info","message":"Initializing scheduler system...","timestamp":"2025-06-06 13:48:41:4841"}
{"level":"debug","message":"Call to mongodb was successful","timestamp":"2025-06-06 13:48:41:4841"}
{"level":"debug","message":"MongoDB connection successful","timestamp":"2025-06-06 13:48:41:4841"}
{"level":"info","message":"MongoDB connected successfully","timestamp":"2025-06-06 13:48:41:4841"}
{"level":"warn","message":"Redis unavailable - dead letter queue will not be initialized","timestamp":"2025-06-06 13:48:41:4841"}
{"level":"info","message":"Redis became available - initializing dead letter queue","timestamp":"2025-06-06 13:48:41:4841"}
{"level":"info","message":"Restored 0 active schedulers from database","timestamp":"2025-06-06 13:48:41:4841"}
{"level":"info","message":"Scheduler system initialized","timestamp":"2025-06-06 13:48:41:4841"}
{"level":"info","message":"Initializing dead letter queue with Redis host: localhost","timestamp":"2025-06-06 13:48:42:4842"}
{"level":"info","message":"Dead letter queue initialized successfully with Redis options","timestamp":"2025-06-06 13:48:42:4842"}
{"level":"info","message":"Dead letter queue successfully initialized with Redis","timestamp":"2025-06-06 13:48:42:4842"}
